<?xml version="1.0" encoding="UTF-8"?>
<!-- Generated by org.testng.reporters.JUnitReportReporter -->
<testsuite hostname="LAPTOP-SN8I9E1S" failures="0" tests="1" name="amazontests.testcase1" time="27.113" errors="0" timestamp="2022-10-19T21:53:22 GMT-07:00" skipped="0">
  <testcase classname="amazontests.testcase1" name="testcase" time="27.113"/>
  <system-out/>
</testsuite> <!-- amazontests.testcase1 -->
